<?xml version="1.0" encoding="UTF-8"?>
<testng-results skipped="0" failed="0" total="1" passed="1">
  <reporter-output>
  </reporter-output>
  <suite name="Parallel test suite" duration-ms="325540" started-at="2020-06-12T06:54:04Z" finished-at="2020-06-12T06:59:29Z">
    <groups>
    </groups>
    <test name="Chrome Test" duration-ms="325540" started-at="2020-06-12T06:54:04Z" finished-at="2020-06-12T06:59:29Z">
      <class name="RunManager.HybridExecuteTest">
        <test-method status="PASS" signature="runManager(java.lang.String)[pri:0, instance:RunManager.HybridExecuteTest@6e8dacdf]" name="runManager" duration-ms="325524" started-at="2020-06-12T12:24:04Z" finished-at="2020-06-12T12:29:29Z">
          <params>
            <param index="0">
              <value>
                <![CDATA[Chrome]]>
              </value>
            </param>
          </params>
          <reporter-output>
          </reporter-output>
        </test-method> <!-- runManager -->
      </class> <!-- RunManager.HybridExecuteTest -->
    </test> <!-- Chrome Test -->
  </suite> <!-- Parallel test suite -->
</testng-results>
